<?xml version="1.0" encoding="UTF-8"?>
<testsuite xmlns:xsi="http://www.w3.org/2001/XMLSchema-instance" xsi:noNamespaceSchemaLocation="https://maven.apache.org/surefire/maven-surefire-plugin/xsd/surefire-test-report.xsd" version="3.0.2" name="com.satti.common.CommonApplicationTests" time="0.087" tests="1" errors="1" skipped="0" failures="0">
  <properties>
    <property name="socksProxyHost" value="127.0.0.1"/>
    <property name="http.proxyHost" value="127.0.0.1"/>
    <property name="java.specification.version" value="24"/>
    <property name="sun.jnu.encoding" value="UTF-8"/>
    <property name="java.class.path" value="/Users/lingl/Desktop/java_proj/movie_night/MovieNight/common/target/test-classes:/Users/lingl/Desktop/java_proj/movie_night/MovieNight/common/target/classes:/Users/lingl/Documents/apache-maven-3.9.10/repo/org/springframework/boot/spring-boot-starter/3.4.0/spring-boot-starter-3.4.0.jar:/Users/lingl/Documents/apache-maven-3.9.10/repo/org/springframework/boot/spring-boot/3.4.0/spring-boot-3.4.0.jar:/Users/lingl/Documents/apache-maven-3.9.10/repo/org/springframework/spring-context/6.2.0/spring-context-6.2.0.jar:/Users/lingl/Documents/apache-maven-3.9.10/repo/org/springframework/spring-aop/6.2.0/spring-aop-6.2.0.jar:/Users/lingl/Documents/apache-maven-3.9.10/repo/io/micrometer/micrometer-observation/1.14.1/micrometer-observation-1.14.1.jar:/Users/lingl/Documents/apache-maven-3.9.10/repo/io/micrometer/micrometer-commons/1.14.1/micrometer-commons-1.14.1.jar:/Users/lingl/Documents/apache-maven-3.9.10/repo/org/springframework/boot/spring-boot-autoconfigure/3.4.0/spring-boot-autoconfigure-3.4.0.jar:/Users/lingl/Documents/apache-maven-3.9.10/repo/org/springframework/boot/spring-boot-starter-logging/3.4.0/spring-boot-starter-logging-3.4.0.jar:/Users/lingl/Documents/apache-maven-3.9.10/repo/ch/qos/logback/logback-classic/1.5.12/logback-classic-1.5.12.jar:/Users/lingl/Documents/apache-maven-3.9.10/repo/ch/qos/logback/logback-core/1.5.12/logback-core-1.5.12.jar:/Users/lingl/Documents/apache-maven-3.9.10/repo/org/apache/logging/log4j/log4j-to-slf4j/2.24.1/log4j-to-slf4j-2.24.1.jar:/Users/lingl/Documents/apache-maven-3.9.10/repo/org/apache/logging/log4j/log4j-api/2.24.1/log4j-api-2.24.1.jar:/Users/lingl/Documents/apache-maven-3.9.10/repo/org/slf4j/jul-to-slf4j/2.0.16/jul-to-slf4j-2.0.16.jar:/Users/lingl/Documents/apache-maven-3.9.10/repo/jakarta/annotation/jakarta.annotation-api/2.1.1/jakarta.annotation-api-2.1.1.jar:/Users/lingl/Documents/apache-maven-3.9.10/repo/org/springframework/spring-core/6.2.0/spring-core-6.2.0.jar:/Users/lingl/Documents/apache-maven-3.9.10/repo/org/springframework/spring-jcl/6.2.0/spring-jcl-6.2.0.jar:/Users/lingl/Documents/apache-maven-3.9.10/repo/org/yaml/snakeyaml/2.3/snakeyaml-2.3.jar:/Users/lingl/Documents/apache-maven-3.9.10/repo/org/springframework/boot/spring-boot-starter-data-mongodb/3.4.0/spring-boot-starter-data-mongodb-3.4.0.jar:/Users/lingl/Documents/apache-maven-3.9.10/repo/org/mongodb/mongodb-driver-sync/5.2.1/mongodb-driver-sync-5.2.1.jar:/Users/lingl/Documents/apache-maven-3.9.10/repo/org/mongodb/bson/5.2.1/bson-5.2.1.jar:/Users/lingl/Documents/apache-maven-3.9.10/repo/org/mongodb/mongodb-driver-core/5.2.1/mongodb-driver-core-5.2.1.jar:/Users/lingl/Documents/apache-maven-3.9.10/repo/org/mongodb/bson-record-codec/5.2.1/bson-record-codec-5.2.1.jar:/Users/lingl/Documents/apache-maven-3.9.10/repo/org/springframework/data/spring-data-mongodb/4.4.0/spring-data-mongodb-4.4.0.jar:/Users/lingl/Documents/apache-maven-3.9.10/repo/org/springframework/spring-tx/6.2.0/spring-tx-6.2.0.jar:/Users/lingl/Documents/apache-maven-3.9.10/repo/org/springframework/spring-beans/6.2.0/spring-beans-6.2.0.jar:/Users/lingl/Documents/apache-maven-3.9.10/repo/org/springframework/spring-expression/6.2.0/spring-expression-6.2.0.jar:/Users/lingl/Documents/apache-maven-3.9.10/repo/org/springframework/data/spring-data-commons/3.4.0/spring-data-commons-3.4.0.jar:/Users/lingl/Documents/apache-maven-3.9.10/repo/org/mongodb/mongo-java-driver/3.12.14/mongo-java-driver-3.12.14.jar:/Users/lingl/Documents/apache-maven-3.9.10/repo/org/springframework/boot/spring-boot-devtools/3.4.0/spring-boot-devtools-3.4.0.jar:/Users/lingl/Documents/apache-maven-3.9.10/repo/org/projectlombok/lombok/1.18.36/lombok-1.18.36.jar:/Users/lingl/Documents/apache-maven-3.9.10/repo/org/springframework/boot/spring-boot-starter-mail/3.4.0/spring-boot-starter-mail-3.4.0.jar:/Users/lingl/Documents/apache-maven-3.9.10/repo/org/springframework/spring-context-support/6.2.0/spring-context-support-6.2.0.jar:/Users/lingl/Documents/apache-maven-3.9.10/repo/org/eclipse/angus/jakarta.mail/2.0.3/jakarta.mail-2.0.3.jar:/Users/lingl/Documents/apache-maven-3.9.10/repo/jakarta/activation/jakarta.activation-api/2.1.3/jakarta.activation-api-2.1.3.jar:/Users/lingl/Documents/apache-maven-3.9.10/repo/org/eclipse/angus/angus-activation/2.0.2/angus-activation-2.0.2.jar:/Users/lingl/Documents/apache-maven-3.9.10/repo/org/springframework/boot/spring-boot-starter-test/3.4.0/spring-boot-starter-test-3.4.0.jar:/Users/lingl/Documents/apache-maven-3.9.10/repo/org/springframework/boot/spring-boot-test/3.4.0/spring-boot-test-3.4.0.jar:/Users/lingl/Documents/apache-maven-3.9.10/repo/org/springframework/boot/spring-boot-test-autoconfigure/3.4.0/spring-boot-test-autoconfigure-3.4.0.jar:/Users/lingl/Documents/apache-maven-3.9.10/repo/com/jayway/jsonpath/json-path/2.9.0/json-path-2.9.0.jar:/Users/lingl/Documents/apache-maven-3.9.10/repo/jakarta/xml/bind/jakarta.xml.bind-api/4.0.2/jakarta.xml.bind-api-4.0.2.jar:/Users/lingl/Documents/apache-maven-3.9.10/repo/net/minidev/json-smart/2.5.1/json-smart-2.5.1.jar:/Users/lingl/Documents/apache-maven-3.9.10/repo/net/minidev/accessors-smart/2.5.1/accessors-smart-2.5.1.jar:/Users/lingl/Documents/apache-maven-3.9.10/repo/org/ow2/asm/asm/9.6/asm-9.6.jar:/Users/lingl/Documents/apache-maven-3.9.10/repo/org/assertj/assertj-core/3.26.3/assertj-core-3.26.3.jar:/Users/lingl/Documents/apache-maven-3.9.10/repo/net/bytebuddy/byte-buddy/1.15.10/byte-buddy-1.15.10.jar:/Users/lingl/Documents/apache-maven-3.9.10/repo/org/awaitility/awaitility/4.2.2/awaitility-4.2.2.jar:/Users/lingl/Documents/apache-maven-3.9.10/repo/org/hamcrest/hamcrest/2.2/hamcrest-2.2.jar:/Users/lingl/Documents/apache-maven-3.9.10/repo/org/junit/jupiter/junit-jupiter/5.11.3/junit-jupiter-5.11.3.jar:/Users/lingl/Documents/apache-maven-3.9.10/repo/org/junit/jupiter/junit-jupiter-api/5.11.3/junit-jupiter-api-5.11.3.jar:/Users/lingl/Documents/apache-maven-3.9.10/repo/org/opentest4j/opentest4j/1.3.0/opentest4j-1.3.0.jar:/Users/lingl/Documents/apache-maven-3.9.10/repo/org/junit/platform/junit-platform-commons/1.11.3/junit-platform-commons-1.11.3.jar:/Users/lingl/Documents/apache-maven-3.9.10/repo/org/apiguardian/apiguardian-api/1.1.2/apiguardian-api-1.1.2.jar:/Users/lingl/Documents/apache-maven-3.9.10/repo/org/junit/jupiter/junit-jupiter-params/5.11.3/junit-jupiter-params-5.11.3.jar:/Users/lingl/Documents/apache-maven-3.9.10/repo/org/junit/jupiter/junit-jupiter-engine/5.11.3/junit-jupiter-engine-5.11.3.jar:/Users/lingl/Documents/apache-maven-3.9.10/repo/org/junit/platform/junit-platform-engine/1.11.3/junit-platform-engine-1.11.3.jar:/Users/lingl/Documents/apache-maven-3.9.10/repo/org/mockito/mockito-core/5.14.2/mockito-core-5.14.2.jar:/Users/lingl/Documents/apache-maven-3.9.10/repo/net/bytebuddy/byte-buddy-agent/1.15.10/byte-buddy-agent-1.15.10.jar:/Users/lingl/Documents/apache-maven-3.9.10/repo/org/objenesis/objenesis/3.3/objenesis-3.3.jar:/Users/lingl/Documents/apache-maven-3.9.10/repo/org/mockito/mockito-junit-jupiter/5.14.2/mockito-junit-jupiter-5.14.2.jar:/Users/lingl/Documents/apache-maven-3.9.10/repo/org/skyscreamer/jsonassert/1.5.3/jsonassert-1.5.3.jar:/Users/lingl/Documents/apache-maven-3.9.10/repo/com/vaadin/external/google/android-json/0.0.20131108.vaadin1/android-json-0.0.20131108.vaadin1.jar:/Users/lingl/Documents/apache-maven-3.9.10/repo/org/springframework/spring-test/6.2.0/spring-test-6.2.0.jar:/Users/lingl/Documents/apache-maven-3.9.10/repo/org/xmlunit/xmlunit-core/2.10.0/xmlunit-core-2.10.0.jar:/Users/lingl/Documents/apache-maven-3.9.10/repo/org/springframework/boot/spring-boot-configuration-processor/3.4.0/spring-boot-configuration-processor-3.4.0.jar:/Users/lingl/Documents/apache-maven-3.9.10/repo/com/alibaba/druid-spring-boot-starter/1.1.10/druid-spring-boot-starter-1.1.10.jar:/Users/lingl/Documents/apache-maven-3.9.10/repo/org/slf4j/slf4j-api/2.0.16/slf4j-api-2.0.16.jar:/Users/lingl/Documents/apache-maven-3.9.10/repo/com/alibaba/druid/1.2.23/druid-1.2.23.jar:/Users/lingl/Documents/apache-maven-3.9.10/repo/com/mysql/mysql-connector-j/8.0.33/mysql-connector-j-8.0.33.jar:/Users/lingl/Documents/apache-maven-3.9.10/repo/log4j/log4j/1.2.17/log4j-1.2.17.jar:"/>
    <property name="https.proxyPort" value="7890"/>
    <property name="java.vm.vendor" value="Oracle Corporation"/>
    <property name="sun.arch.data.model" value="64"/>
    <property name="java.vendor.url" value="https://java.oracle.com/"/>
    <property name="user.timezone" value="Asia/Shanghai"/>
    <property name="os.name" value="Mac OS X"/>
    <property name="java.vm.specification.version" value="24"/>
    <property name="sun.java.launcher" value="SUN_STANDARD"/>
    <property name="user.country" value="CN"/>
    <property name="sun.boot.library.path" value="/Users/lingl/Library/Java/JavaVirtualMachines/openjdk-24.0.1/Contents/Home/lib"/>
    <property name="sun.java.command" value="/Users/lingl/Desktop/java_proj/movie_night/MovieNight/common/target/surefire/surefirebooter-20250627115236514_3.jar /Users/lingl/Desktop/java_proj/movie_night/MovieNight/common/target/surefire 2025-06-27T11-52-36_172-jvmRun1 surefire-20250627115236514_1tmp surefire_0-20250627115236514_2tmp"/>
    <property name="http.nonProxyHosts" value="127.0.0.1|localhost|*.localhost|&lt;local&gt;|*.&lt;local&gt;"/>
    <property name="jdk.debug" value="release"/>
    <property name="surefire.test.class.path" value="/Users/lingl/Desktop/java_proj/movie_night/MovieNight/common/target/test-classes:/Users/lingl/Desktop/java_proj/movie_night/MovieNight/common/target/classes:/Users/lingl/Documents/apache-maven-3.9.10/repo/org/springframework/boot/spring-boot-starter/3.4.0/spring-boot-starter-3.4.0.jar:/Users/lingl/Documents/apache-maven-3.9.10/repo/org/springframework/boot/spring-boot/3.4.0/spring-boot-3.4.0.jar:/Users/lingl/Documents/apache-maven-3.9.10/repo/org/springframework/spring-context/6.2.0/spring-context-6.2.0.jar:/Users/lingl/Documents/apache-maven-3.9.10/repo/org/springframework/spring-aop/6.2.0/spring-aop-6.2.0.jar:/Users/lingl/Documents/apache-maven-3.9.10/repo/io/micrometer/micrometer-observation/1.14.1/micrometer-observation-1.14.1.jar:/Users/lingl/Documents/apache-maven-3.9.10/repo/io/micrometer/micrometer-commons/1.14.1/micrometer-commons-1.14.1.jar:/Users/lingl/Documents/apache-maven-3.9.10/repo/org/springframework/boot/spring-boot-autoconfigure/3.4.0/spring-boot-autoconfigure-3.4.0.jar:/Users/lingl/Documents/apache-maven-3.9.10/repo/org/springframework/boot/spring-boot-starter-logging/3.4.0/spring-boot-starter-logging-3.4.0.jar:/Users/lingl/Documents/apache-maven-3.9.10/repo/ch/qos/logback/logback-classic/1.5.12/logback-classic-1.5.12.jar:/Users/lingl/Documents/apache-maven-3.9.10/repo/ch/qos/logback/logback-core/1.5.12/logback-core-1.5.12.jar:/Users/lingl/Documents/apache-maven-3.9.10/repo/org/apache/logging/log4j/log4j-to-slf4j/2.24.1/log4j-to-slf4j-2.24.1.jar:/Users/lingl/Documents/apache-maven-3.9.10/repo/org/apache/logging/log4j/log4j-api/2.24.1/log4j-api-2.24.1.jar:/Users/lingl/Documents/apache-maven-3.9.10/repo/org/slf4j/jul-to-slf4j/2.0.16/jul-to-slf4j-2.0.16.jar:/Users/lingl/Documents/apache-maven-3.9.10/repo/jakarta/annotation/jakarta.annotation-api/2.1.1/jakarta.annotation-api-2.1.1.jar:/Users/lingl/Documents/apache-maven-3.9.10/repo/org/springframework/spring-core/6.2.0/spring-core-6.2.0.jar:/Users/lingl/Documents/apache-maven-3.9.10/repo/org/springframework/spring-jcl/6.2.0/spring-jcl-6.2.0.jar:/Users/lingl/Documents/apache-maven-3.9.10/repo/org/yaml/snakeyaml/2.3/snakeyaml-2.3.jar:/Users/lingl/Documents/apache-maven-3.9.10/repo/org/springframework/boot/spring-boot-starter-data-mongodb/3.4.0/spring-boot-starter-data-mongodb-3.4.0.jar:/Users/lingl/Documents/apache-maven-3.9.10/repo/org/mongodb/mongodb-driver-sync/5.2.1/mongodb-driver-sync-5.2.1.jar:/Users/lingl/Documents/apache-maven-3.9.10/repo/org/mongodb/bson/5.2.1/bson-5.2.1.jar:/Users/lingl/Documents/apache-maven-3.9.10/repo/org/mongodb/mongodb-driver-core/5.2.1/mongodb-driver-core-5.2.1.jar:/Users/lingl/Documents/apache-maven-3.9.10/repo/org/mongodb/bson-record-codec/5.2.1/bson-record-codec-5.2.1.jar:/Users/lingl/Documents/apache-maven-3.9.10/repo/org/springframework/data/spring-data-mongodb/4.4.0/spring-data-mongodb-4.4.0.jar:/Users/lingl/Documents/apache-maven-3.9.10/repo/org/springframework/spring-tx/6.2.0/spring-tx-6.2.0.jar:/Users/lingl/Documents/apache-maven-3.9.10/repo/org/springframework/spring-beans/6.2.0/spring-beans-6.2.0.jar:/Users/lingl/Documents/apache-maven-3.9.10/repo/org/springframework/spring-expression/6.2.0/spring-expression-6.2.0.jar:/Users/lingl/Documents/apache-maven-3.9.10/repo/org/springframework/data/spring-data-commons/3.4.0/spring-data-commons-3.4.0.jar:/Users/lingl/Documents/apache-maven-3.9.10/repo/org/mongodb/mongo-java-driver/3.12.14/mongo-java-driver-3.12.14.jar:/Users/lingl/Documents/apache-maven-3.9.10/repo/org/springframework/boot/spring-boot-devtools/3.4.0/spring-boot-devtools-3.4.0.jar:/Users/lingl/Documents/apache-maven-3.9.10/repo/org/projectlombok/lombok/1.18.36/lombok-1.18.36.jar:/Users/lingl/Documents/apache-maven-3.9.10/repo/org/springframework/boot/spring-boot-starter-mail/3.4.0/spring-boot-starter-mail-3.4.0.jar:/Users/lingl/Documents/apache-maven-3.9.10/repo/org/springframework/spring-context-support/6.2.0/spring-context-support-6.2.0.jar:/Users/lingl/Documents/apache-maven-3.9.10/repo/org/eclipse/angus/jakarta.mail/2.0.3/jakarta.mail-2.0.3.jar:/Users/lingl/Documents/apache-maven-3.9.10/repo/jakarta/activation/jakarta.activation-api/2.1.3/jakarta.activation-api-2.1.3.jar:/Users/lingl/Documents/apache-maven-3.9.10/repo/org/eclipse/angus/angus-activation/2.0.2/angus-activation-2.0.2.jar:/Users/lingl/Documents/apache-maven-3.9.10/repo/org/springframework/boot/spring-boot-starter-test/3.4.0/spring-boot-starter-test-3.4.0.jar:/Users/lingl/Documents/apache-maven-3.9.10/repo/org/springframework/boot/spring-boot-test/3.4.0/spring-boot-test-3.4.0.jar:/Users/lingl/Documents/apache-maven-3.9.10/repo/org/springframework/boot/spring-boot-test-autoconfigure/3.4.0/spring-boot-test-autoconfigure-3.4.0.jar:/Users/lingl/Documents/apache-maven-3.9.10/repo/com/jayway/jsonpath/json-path/2.9.0/json-path-2.9.0.jar:/Users/lingl/Documents/apache-maven-3.9.10/repo/jakarta/xml/bind/jakarta.xml.bind-api/4.0.2/jakarta.xml.bind-api-4.0.2.jar:/Users/lingl/Documents/apache-maven-3.9.10/repo/net/minidev/json-smart/2.5.1/json-smart-2.5.1.jar:/Users/lingl/Documents/apache-maven-3.9.10/repo/net/minidev/accessors-smart/2.5.1/accessors-smart-2.5.1.jar:/Users/lingl/Documents/apache-maven-3.9.10/repo/org/ow2/asm/asm/9.6/asm-9.6.jar:/Users/lingl/Documents/apache-maven-3.9.10/repo/org/assertj/assertj-core/3.26.3/assertj-core-3.26.3.jar:/Users/lingl/Documents/apache-maven-3.9.10/repo/net/bytebuddy/byte-buddy/1.15.10/byte-buddy-1.15.10.jar:/Users/lingl/Documents/apache-maven-3.9.10/repo/org/awaitility/awaitility/4.2.2/awaitility-4.2.2.jar:/Users/lingl/Documents/apache-maven-3.9.10/repo/org/hamcrest/hamcrest/2.2/hamcrest-2.2.jar:/Users/lingl/Documents/apache-maven-3.9.10/repo/org/junit/jupiter/junit-jupiter/5.11.3/junit-jupiter-5.11.3.jar:/Users/lingl/Documents/apache-maven-3.9.10/repo/org/junit/jupiter/junit-jupiter-api/5.11.3/junit-jupiter-api-5.11.3.jar:/Users/lingl/Documents/apache-maven-3.9.10/repo/org/opentest4j/opentest4j/1.3.0/opentest4j-1.3.0.jar:/Users/lingl/Documents/apache-maven-3.9.10/repo/org/junit/platform/junit-platform-commons/1.11.3/junit-platform-commons-1.11.3.jar:/Users/lingl/Documents/apache-maven-3.9.10/repo/org/apiguardian/apiguardian-api/1.1.2/apiguardian-api-1.1.2.jar:/Users/lingl/Documents/apache-maven-3.9.10/repo/org/junit/jupiter/junit-jupiter-params/5.11.3/junit-jupiter-params-5.11.3.jar:/Users/lingl/Documents/apache-maven-3.9.10/repo/org/junit/jupiter/junit-jupiter-engine/5.11.3/junit-jupiter-engine-5.11.3.jar:/Users/lingl/Documents/apache-maven-3.9.10/repo/org/junit/platform/junit-platform-engine/1.11.3/junit-platform-engine-1.11.3.jar:/Users/lingl/Documents/apache-maven-3.9.10/repo/org/mockito/mockito-core/5.14.2/mockito-core-5.14.2.jar:/Users/lingl/Documents/apache-maven-3.9.10/repo/net/bytebuddy/byte-buddy-agent/1.15.10/byte-buddy-agent-1.15.10.jar:/Users/lingl/Documents/apache-maven-3.9.10/repo/org/objenesis/objenesis/3.3/objenesis-3.3.jar:/Users/lingl/Documents/apache-maven-3.9.10/repo/org/mockito/mockito-junit-jupiter/5.14.2/mockito-junit-jupiter-5.14.2.jar:/Users/lingl/Documents/apache-maven-3.9.10/repo/org/skyscreamer/jsonassert/1.5.3/jsonassert-1.5.3.jar:/Users/lingl/Documents/apache-maven-3.9.10/repo/com/vaadin/external/google/android-json/0.0.20131108.vaadin1/android-json-0.0.20131108.vaadin1.jar:/Users/lingl/Documents/apache-maven-3.9.10/repo/org/springframework/spring-test/6.2.0/spring-test-6.2.0.jar:/Users/lingl/Documents/apache-maven-3.9.10/repo/org/xmlunit/xmlunit-core/2.10.0/xmlunit-core-2.10.0.jar:/Users/lingl/Documents/apache-maven-3.9.10/repo/org/springframework/boot/spring-boot-configuration-processor/3.4.0/spring-boot-configuration-processor-3.4.0.jar:/Users/lingl/Documents/apache-maven-3.9.10/repo/com/alibaba/druid-spring-boot-starter/1.1.10/druid-spring-boot-starter-1.1.10.jar:/Users/lingl/Documents/apache-maven-3.9.10/repo/org/slf4j/slf4j-api/2.0.16/slf4j-api-2.0.16.jar:/Users/lingl/Documents/apache-maven-3.9.10/repo/com/alibaba/druid/1.2.23/druid-1.2.23.jar:/Users/lingl/Documents/apache-maven-3.9.10/repo/com/mysql/mysql-connector-j/8.0.33/mysql-connector-j-8.0.33.jar:/Users/lingl/Documents/apache-maven-3.9.10/repo/log4j/log4j/1.2.17/log4j-1.2.17.jar:"/>
    <property name="sun.cpu.endian" value="little"/>
    <property name="user.home" value="/Users/lingl"/>
    <property name="user.language" value="zh"/>
    <property name="java.specification.vendor" value="Oracle Corporation"/>
    <property name="java.version.date" value="2025-04-15"/>
    <property name="java.home" value="/Users/lingl/Library/Java/JavaVirtualMachines/openjdk-24.0.1/Contents/Home"/>
    <property name="file.separator" value="/"/>
    <property name="https.proxyHost" value="127.0.0.1"/>
    <property name="basedir" value="/Users/lingl/Desktop/java_proj/movie_night/MovieNight/common"/>
    <property name="java.vm.compressedOopsMode" value="Zero based"/>
    <property name="line.separator" value="&#10;"/>
    <property name="java.vm.specification.vendor" value="Oracle Corporation"/>
    <property name="java.specification.name" value="Java Platform API Specification"/>
    <property name="apple.awt.application.name" value="ForkedBooter"/>
    <property name="surefire.real.class.path" value="/Users/lingl/Desktop/java_proj/movie_night/MovieNight/common/target/surefire/surefirebooter-20250627115236514_3.jar"/>
    <property name="user.script" value="Hans"/>
    <property name="sun.management.compiler" value="HotSpot 64-Bit Tiered Compilers"/>
    <property name="ftp.nonProxyHosts" value="127.0.0.1|localhost|*.localhost|&lt;local&gt;|*.&lt;local&gt;"/>
    <property name="java.runtime.version" value="24.0.1+9-30"/>
    <property name="user.name" value="lingl"/>
    <property name="stdout.encoding" value="UTF-8"/>
    <property name="path.separator" value=":"/>
    <property name="os.version" value="15.5"/>
    <property name="java.runtime.name" value="OpenJDK Runtime Environment"/>
    <property name="file.encoding" value="UTF-8"/>
    <property name="java.vm.name" value="OpenJDK 64-Bit Server VM"/>
    <property name="localRepository" value="/Users/lingl/Documents/apache-maven-3.9.10/repo"/>
    <property name="java.vendor.url.bug" value="https://bugreport.java.com/bugreport/"/>
    <property name="java.io.tmpdir" value="/var/folders/d_/xz93pd8s6zq280ywxkk5l5d00000gn/T/"/>
    <property name="idea.version" value="2025.1.1.1"/>
    <property name="java.version" value="24.0.1"/>
    <property name="user.dir" value="/Users/lingl/Desktop/java_proj/movie_night/MovieNight/common"/>
    <property name="os.arch" value="aarch64"/>
    <property name="socksProxyPort" value="7890"/>
    <property name="java.vm.specification.name" value="Java Virtual Machine Specification"/>
    <property name="native.encoding" value="UTF-8"/>
    <property name="java.library.path" value="/Users/lingl/Library/Java/Extensions:/Library/Java/Extensions:/Network/Library/Java/Extensions:/System/Library/Java/Extensions:/usr/lib/java:."/>
    <property name="java.vm.info" value="mixed mode, sharing"/>
    <property name="stderr.encoding" value="UTF-8"/>
    <property name="java.vendor" value="Oracle Corporation"/>
    <property name="java.vm.version" value="24.0.1+9-30"/>
    <property name="sun.io.unicode.encoding" value="UnicodeBig"/>
    <property name="maven.repo.local" value="/Users/lingl/Documents/apache-maven-3.9.10/repo"/>
    <property name="socksNonProxyHosts" value="127.0.0.1|localhost|*.localhost|&lt;local&gt;|*.&lt;local&gt;"/>
    <property name="java.class.version" value="68.0"/>
    <property name="http.proxyPort" value="7890"/>
  </properties>
  <testcase name="" classname="com.satti.common.CommonApplicationTests" time="0.087">
    <error message="Unable to find a @SpringBootConfiguration, you need to use @ContextConfiguration or @SpringBootTest(classes=...) with your test" type="java.lang.IllegalStateException"><![CDATA[java.lang.IllegalStateException: Unable to find a @SpringBootConfiguration, you need to use @ContextConfiguration or @SpringBootTest(classes=...) with your test
	at org.springframework.util.Assert.state(Assert.java:79)
	at org.springframework.boot.test.context.SpringBootTestContextBootstrapper.findConfigurationClass(SpringBootTestContextBootstrapper.java:246)
	at org.springframework.boot.test.context.SpringBootTestContextBootstrapper.getOrFindConfigurationClasses(SpringBootTestContextBootstrapper.java:233)
	at org.springframework.boot.test.context.SpringBootTestContextBootstrapper.processMergedContextConfiguration(SpringBootTestContextBootstrapper.java:150)
	at org.springframework.test.context.support.AbstractTestContextBootstrapper.buildMergedContextConfiguration(AbstractTestContextBootstrapper.java:351)
	at org.springframework.test.context.support.AbstractTestContextBootstrapper.buildDefaultMergedContextConfiguration(AbstractTestContextBootstrapper.java:267)
	at org.springframework.test.context.support.AbstractTestContextBootstrapper.buildMergedContextConfiguration(AbstractTestContextBootstrapper.java:215)
	at org.springframework.test.context.support.AbstractTestContextBootstrapper.buildTestContext(AbstractTestContextBootstrapper.java:108)
	at org.springframework.boot.test.context.SpringBootTestContextBootstrapper.buildTestContext(SpringBootTestContextBootstrapper.java:111)
	at org.springframework.test.context.TestContextManager.<init>(TestContextManager.java:142)
	at org.springframework.test.context.TestContextManager.<init>(TestContextManager.java:126)
	at org.springframework.test.context.junit.jupiter.SpringExtension.getTestContextManager(SpringExtension.java:363)
	at org.springframework.test.context.junit.jupiter.SpringExtension.beforeAll(SpringExtension.java:128)
	at java.base/java.util.ArrayList.forEach(ArrayList.java:1604)
]]></error>
    <system-out><![CDATA[11:52:36.786 [main] INFO org.springframework.test.context.support.AnnotationConfigContextLoaderUtils -- Could not detect default configuration classes for test class [com.satti.common.CommonApplicationTests]: CommonApplicationTests does not declare any static, non-private, non-final, nested classes annotated with @Configuration.
]]></system-out>
  </testcase>
</testsuite>